<?xml version="1.0" encoding="UTF-8"?>
<!-- Generated by org.testng.reporters.JUnitReportReporter -->
<testsuite hostname="INLEN8520062673" failures="0" tests="5" name="runner.MyRunner" time="0.155" errors="5" timestamp="2022-09-13T11:23:51 IST" skipped="0">
  <testcase classname="runner.MyRunner" name="runScenario" time="0.017">
    <error message="Cannot invoke &quot;java.util.Properties.getProperty(String)&quot; because &quot;this.prop&quot; is null" type="java.lang.NullPointerException">
      <![CDATA[java.lang.NullPointerException: Cannot invoke "java.util.Properties.getProperty(String)" because "this.prop" is null
at stepdefinations.Signin.open_the_application_in_any_browser_for_signin(Signin.java:41)
at ✽.Open the application in any browser for signin(file:///C:/Users/SHAHSAYY/New%20folder/unacademy/src/test/java/features/Signin.feature:7)
]]>
    </error>
  </testcase> <!-- runScenario -->
  <system-out/>
  <testcase classname="runner.MyRunner" name="runScenario" time="0.043">
    <error message="Cannot invoke &quot;org.openqa.selenium.SearchContext.findElement(org.openqa.selenium.By)&quot; because &quot;this.searchContext&quot; is null" type="java.lang.NullPointerException">
      <![CDATA[java.lang.NullPointerException: Cannot invoke "org.openqa.selenium.SearchContext.findElement(org.openqa.selenium.By)" because "this.searchContext" is null
at org.openqa.selenium.support.pagefactory.DefaultElementLocator.findElement(DefaultElementLocator.java:70)
at org.openqa.selenium.support.pagefactory.internal.LocatingElementHandler.invoke(LocatingElementHandler.java:39)
at jdk.proxy2/jdk.proxy2.$Proxy25.click(Unknown Source)
at pageobject.LoginPage.clickonLoginButton(LoginPage.java:30)
at stepdefinations.Logout.that_user_have_loggedin_to_the_unacademy_page(Logout.java:46)
at ✽.that user have loggedin to the unacademy page(file:///C:/Users/SHAHSAYY/New%20folder/unacademy/src/test/java/features/Logout.feature:7)
]]>
    </error>
  </testcase> <!-- runScenario -->
  <system-out/>
  <testcase classname="runner.MyRunner" name="runScenario" time="0.009">
    <error message="Cannot invoke &quot;java.util.Properties.getProperty(String)&quot; because &quot;this.prop&quot; is null" type="java.lang.NullPointerException">
      <![CDATA[java.lang.NullPointerException: Cannot invoke "java.util.Properties.getProperty(String)" because "this.prop" is null
at stepdefinations.Login.open_the_application_in_any_browser_for_login(Login.java:43)
at ✽.Open the application in any browser for login(file:///C:/Users/SHAHSAYY/New%20folder/unacademy/src/test/java/features/Login.feature:6)
]]>
    </error>
  </testcase> <!-- runScenario -->
  <system-out/>
  <testcase classname="runner.MyRunner" name="runScenario" time="0.070">
    <error message="Cannot invoke &quot;java.util.Properties.getProperty(String)&quot; because &quot;this.prop&quot; is null" type="java.lang.NullPointerException">
      <![CDATA[java.lang.NullPointerException: Cannot invoke "java.util.Properties.getProperty(String)" because "this.prop" is null
at stepdefinations.Login.open_the_application_in_any_browser_for_login(Login.java:43)
at ✽.Open the application in any browser for login(file:///C:/Users/SHAHSAYY/New%20folder/unacademy/src/test/java/features/Login.feature:6)
]]>
    </error>
  </testcase> <!-- runScenario -->
  <system-out/>
  <testcase classname="runner.MyRunner" name="runScenario" time="0.016">
    <error message="Cannot invoke &quot;java.util.Properties.getProperty(String)&quot; because &quot;this.prop&quot; is null" type="java.lang.NullPointerException">
      <![CDATA[java.lang.NullPointerException: Cannot invoke "java.util.Properties.getProperty(String)" because "this.prop" is null
at stepdefinations.Signin.open_the_application_in_any_browser_for_signin(Signin.java:41)
at ✽.Open the application in any browser for signin(file:///C:/Users/SHAHSAYY/New%20folder/unacademy/src/test/java/features/Signin.feature:7)
]]>
    </error>
  </testcase> <!-- runScenario -->
  <system-out/>
</testsuite> <!-- runner.MyRunner -->
