<?xml version="1.0" encoding="UTF-8"?>
<!-- Generated by org.testng.reporters.JUnitReportReporter -->
<testsuite hostname="INLEN8520062673" failures="0" tests="2" name="test.LogInTest" time="24.383" errors="0" timestamp="2022-09-09T13:15:29 IST" skipped="0">
  <testcase classname="test.LogInTest" name="validcredentials" time="19.605"/>
  <system-out/>
  <testcase classname="test.LogInTest" name="invalidcredentials" time="4.778"/>
  <system-out/>
</testsuite> <!-- test.LogInTest -->
