<?xml version="1.0" encoding="UTF-8"?>
<!-- Generated by org.testng.reporters.JUnitReportReporter -->
<testsuite hostname="INLEN8520062673" failures="0" tests="2" name="test.SigninTest" time="7.878" errors="0" timestamp="2022-09-09T13:15:29 IST" skipped="0">
  <testcase classname="test.SigninTest" name="signinwithexistingaccountcredentials" time="4.081"/>
  <system-out/>
  <testcase classname="test.SigninTest" name="signinwithinvalidphonenumber" time="3.797"/>
  <system-out/>
</testsuite> <!-- test.SigninTest -->
