<?xml version="1.0" encoding="UTF-8"?>
<!-- Generated by org.testng.reporters.JUnitReportReporter -->
<testsuite hostname="INLEN8520062673" failures="0" tests="1" name="test.LogoutTest" time="24.359" errors="0" timestamp="2022-09-09T13:18:02 IST" skipped="0">
  <testcase classname="test.LogoutTest" name="loggingout" time="24.359"/>
  <system-out/>
</testsuite> <!-- test.LogoutTest -->
